<?xml version="1.0" encoding="UTF-8"?>
<!-- Generated by org.testng.reporters.JUnitXMLReporter -->
<testsuite hostname="LAPTOP-S1M5SLT4" ignored="6" name="all-packages" tests="3" failures="0" timestamp="07 Feb 2020 18:09:57 GMT" time="306.214" errors="0">
  <testcase name="verifyAppTitle" time="0.019" classname="TestCases.Scenario1"/>
  <testcase name="verifyAppUrl" time="0.014" classname="TestCases.Scenario2"/>
  <testcase name="verifyAppSource" time="0.036" classname="Scenarios.Scenario3"/>
  <testcase name="@BeforeTest setUp" time="0.0" classname="DriverScript.Base">
    <ignored/>
  </testcase> <!-- @BeforeTest setUp -->
  <testcase name="@BeforeTest setUp" time="0.0" classname="DriverScript.Base">
    <ignored/>
  </testcase> <!-- @BeforeTest setUp -->
  <testcase name="@BeforeTest setUp" time="0.0" classname="DriverScript.Base">
    <ignored/>
  </testcase> <!-- @BeforeTest setUp -->
  <testcase name="@AfterTest tearDown" time="0.0" classname="DriverScript.Base">
    <ignored/>
  </testcase> <!-- @AfterTest tearDown -->
  <testcase name="@AfterTest tearDown" time="0.0" classname="DriverScript.Base">
    <ignored/>
  </testcase> <!-- @AfterTest tearDown -->
  <testcase name="@AfterTest tearDown" time="0.0" classname="DriverScript.Base">
    <ignored/>
  </testcase> <!-- @AfterTest tearDown -->
</testsuite> <!-- all-packages -->
